# JRE version: OpenJDK Runtime Environment (21.0.10) (build 21.0.10+-14961533-b1163.108)
# Java VM: OpenJDK 64-Bit Server VM (21.0.10+-14961533-b1163.108, mixed mode, tiered, compressed oops, compressed class ptrs, g1 gc, windows-amd64)
GC Precious Log:
 CardTable entry size: 512
 Card Set container configuration: InlinePtr #cards 4 size 8 Array Of Cards #cards 32 size 80 Howl #buckets 8 coarsen threshold 7372 Howl Bitmap #cards 1024 size 144 coarsen threshold 921 Card regions per heap region 1 cards per card region 8192
 CPUs: 8 total, 8 available
 Memory: 16112M
 Large Page Support: Disabled
 NUMA Support: Disabled
 Compressed Oops: Enabled (Zero based)
 Heap Region Size: 4M
 Heap Min Capacity: 8M
 Heap Initial Capacity: 252M
 Heap Max Capacity: 8G
 Pre-touch: Disabled
 Parallel Workers: 8
 Concurrent Workers: 2
 Concurrent Refinement Workers: 8
 Periodic GC: Disabled
Heap:
 garbage-first heap   total 307200K, used 92853K [0x0000000600000000, 0x0000000800000000)
  region size 4096K, 4 young (16384K), 4 survivors (16384K)
 Metaspace       used 141109K, committed 142976K, reserved 1179648K
  class space    used 17940K, committed 18880K, reserved 1048576K
GC Heap History (20 events):
Event: 383.235 GC heap after
{Heap after GC invocations=68 (full 0):
 garbage-first heap   total 253952K, used 86573K [0x0000000600000000, 0x0000000800000000)
  region size 4096K, 2 young (8192K), 2 survivors (8192K)
 Metaspace       used 141100K, committed 142976K, reserved 1179648K
  class space    used 17940K, committed 18880K, reserved 1048576K
}
Event: 383.517 GC heap before
{Heap before GC invocations=69 (full 0):
 garbage-first heap   total 253952K, used 229933K [0x0000000600000000, 0x0000000800000000)
  region size 4096K, 37 young (151552K), 2 survivors (8192K)
 Metaspace       used 141100K, committed 142976K, reserved 1179648K
  class space    used 17940K, committed 18880K, reserved 1048576K
}
Event: 383.521 GC heap after
{Heap after GC invocations=70 (full 0):
 garbage-first heap   total 253952K, used 87197K [0x0000000600000000, 0x0000000800000000)
  region size 4096K, 2 young (8192K), 2 survivors (8192K)
 Metaspace       used 141100K, committed 142976K, reserved 1179648K
  class space    used 17940K, committed 18880K, reserved 1048576K
}
Event: 383.775 GC heap before
{Heap before GC invocations=70 (full 0):
 garbage-first heap   total 253952K, used 230557K [0x0000000600000000, 0x0000000800000000)
  region size 4096K, 37 young (151552K), 2 survivors (8192K)
 Metaspace       used 141101K, committed 142976K, reserved 1179648K
  class space    used 17940K, committed 18880K, reserved 1048576K
}
Event: 383.781 GC heap after
{Heap after GC invocations=71 (full 0):
 garbage-first heap   total 253952K, used 86677K [0x0000000600000000, 0x0000000800000000)
  region size 4096K, 2 young (8192K), 2 survivors (8192K)
 Metaspace       used 141101K, committed 142976K, reserved 1179648K
  class space    used 17940K, committed 18880K, reserved 1048576K
}
Event: 384.051 GC heap before
{Heap before GC invocations=71 (full 0):
 garbage-first heap   total 253952K, used 230037K [0x0000000600000000, 0x0000000800000000)
  region size 4096K, 37 young (151552K), 2 survivors (8192K)
 Metaspace       used 141101K, committed 142976K, reserved 1179648K
  class space    used 17940K, committed 18880K, reserved 1048576K
}
Event: 384.054 GC heap after
{Heap after GC invocations=72 (full 0):
 garbage-first heap   total 253952K, used 88089K [0x0000000600000000, 0x0000000800000000)
  region size 4096K, 2 young (8192K), 2 survivors (8192K)
 Metaspace       used 141101K, committed 142976K, reserved 1179648K
  class space    used 17940K, committed 18880K, reserved 1048576K
}
Event: 384.296 GC heap before
{Heap before GC invocations=73 (full 0):
 garbage-first heap   total 253952K, used 231449K [0x0000000600000000, 0x0000000800000000)
  region size 4096K, 37 young (151552K), 2 survivors (8192K)
 Metaspace       used 141101K, committed 142976K, reserved 1179648K
  class space    used 17940K, committed 18880K, reserved 1048576K
}
Event: 384.301 GC heap after
{Heap after GC invocations=74 (full 0):
 garbage-first heap   total 253952K, used 91503K [0x0000000600000000, 0x0000000800000000)
  region size 4096K, 3 young (12288K), 3 survivors (12288K)
 Metaspace       used 141101K, committed 142976K, reserved 1179648K
  class space    used 17940K, committed 18880K, reserved 1048576K
}
Event: 384.554 GC heap before
{Heap before GC invocations=74 (full 0):
 garbage-first heap   total 253952K, used 230767K [0x0000000600000000, 0x0000000800000000)
  region size 4096K, 37 young (151552K), 3 survivors (12288K)
 Metaspace       used 141101K, committed 142976K, reserved 1179648K
  class space    used 17940K, committed 18880K, reserved 1048576K
}
Event: 384.560 GC heap after
{Heap after GC invocations=75 (full 0):
 garbage-first heap   total 307200K, used 88715K [0x0000000600000000, 0x0000000800000000)
  region size 4096K, 3 young (12288K), 3 survivors (12288K)
 Metaspace       used 141101K, committed 142976K, reserved 1179648K
  class space    used 17940K, committed 18880K, reserved 1048576K
}
Event: 384.896 GC heap before
{Heap before GC invocations=75 (full 0):
 garbage-first heap   total 307200K, used 260747K [0x0000000600000000, 0x0000000800000000)
  region size 4096K, 45 young (184320K), 3 survivors (12288K)
 Metaspace       used 141107K, committed 142976K, reserved 1179648K
  class space    used 17940K, committed 18880K, reserved 1048576K
}
Event: 384.901 GC heap after
{Heap after GC invocations=76 (full 0):
 garbage-first heap   total 307200K, used 89760K [0x0000000600000000, 0x0000000800000000)
  region size 4096K, 3 young (12288K), 3 survivors (12288K)
 Metaspace       used 141107K, committed 142976K, reserved 1179648K
  class space    used 17940K, committed 18880K, reserved 1048576K
}
Event: 385.286 GC heap before
{Heap before GC invocations=77 (full 0):
 garbage-first heap   total 307200K, used 261792K [0x0000000600000000, 0x0000000800000000)
  region size 4096K, 45 young (184320K), 3 survivors (12288K)
 Metaspace       used 141107K, committed 142976K, reserved 1179648K
  class space    used 17940K, committed 18880K, reserved 1048576K
}
Event: 385.291 GC heap after
{Heap after GC invocations=78 (full 0):
 garbage-first heap   total 307200K, used 90849K [0x0000000600000000, 0x0000000800000000)
  region size 4096K, 3 young (12288K), 3 survivors (12288K)
 Metaspace       used 141107K, committed 142976K, reserved 1179648K
  class space    used 17940K, committed 18880K, reserved 1048576K
}
Event: 385.603 GC heap before
{Heap before GC invocations=78 (full 0):
 garbage-first heap   total 307200K, used 262881K [0x0000000600000000, 0x0000000800000000)
  region size 4096K, 45 young (184320K), 3 survivors (12288K)
 Metaspace       used 141107K, committed 142976K, reserved 1179648K
  class space    used 17940K, committed 18880K, reserved 1048576K
}
Event: 385.610 GC heap after
{Heap after GC invocations=79 (full 0):
 garbage-first heap   total 307200K, used 90701K [0x0000000600000000, 0x0000000800000000)
  region size 4096K, 4 young (16384K), 4 survivors (16384K)
 Metaspace       used 141107K, committed 142976K, reserved 1179648K
  class space    used 17940K, committed 18880K, reserved 1048576K
}
Event: 385.898 GC heap before
{Heap before GC invocations=79 (full 0):
 garbage-first heap   total 307200K, used 258637K [0x0000000600000000, 0x0000000800000000)
  region size 4096K, 45 young (184320K), 4 survivors (16384K)
 Metaspace       used 141108K, committed 142976K, reserved 1179648K
  class space    used 17940K, committed 18880K, reserved 1048576K
}
Event: 385.912 GC heap after
{Heap after GC invocations=80 (full 0):
 garbage-first heap   total 307200K, used 91797K [0x0000000600000000, 0x0000000800000000)
  region size 4096K, 4 young (16384K), 4 survivors (16384K)
 Metaspace       used 141108K, committed 142976K, reserved 1179648K
  class space    used 17940K, committed 18880K, reserved 1048576K
}
Event: 386.229 GC heap before
{Heap before GC invocations=81 (full 0):
 garbage-first heap   total 307200K, used 259733K [0x0000000600000000, 0x0000000800000000)
  region size 4096K, 45 young (184320K), 4 survivors (16384K)
 Metaspace       used 141109K, committed 142976K, reserved 1179648K
  class space    used 17940K, committed 18880K, reserved 1048576K
}

